<?xml version="1.0" encoding="UTF-8"?>
<!-- Generated by org.testng.reporters.JUnitXMLReporter -->
<testsuite ignored="0" hostname="DESKTOP-PGQDMSG" failures="0" tests="2" name="Default test" time="25.222" errors="0" timestamp="2024-06-13T12:26:28 IST">
  <testcase classname="TestFramework.tests.ErrorValidationsTest" name="logInErrValidation" time="1.756"/>
  <testcase classname="TestFramework.tests.ErrorValidationsTest" name="productErrValidations" time="6.282"/>
</testsuite> <!-- Default test -->
