<?xml version="1.0" encoding="UTF-8"?>
<!-- Generated by org.testng.reporters.JUnitXMLReporter -->
<testsuite ignored="0" hostname="DESKTOP-PGQDMSG" failures="0" tests="2" name="Error Validations Test" time="24.924" errors="0" timestamp="2024-06-14T11:32:39 IST">
  <testcase classname="TestFramework.tests.ErrorValidationsTest" name="logInErrValidation" time="1.733"/>
  <testcase classname="TestFramework.tests.ErrorValidationsTest" name="productErrValidations" time="7.313"/>
</testsuite> <!-- Error Validations Test -->
