<?xml version="1.0" encoding="UTF-8"?>
<!-- Generated by org.testng.reporters.JUnitXMLReporter -->
<testsuite ignored="1" hostname="DESKTOP-PGQDMSG" failures="0" tests="2" name="Submit Order Test" time="41.533" errors="0" timestamp="2024-06-17T23:35:06 IST">
  <testcase classname="TestFramework.tests.SubmitOrderTest" name="submitOrder" time="7.751"/>
  <testcase classname="TestFramework.tests.SubmitOrderTest" name="submitOrder" time="7.374"/>
  <testcase classname="TestFramework.tests.SubmitOrderTest" name="ordersHistoryTest" time="0.0">
    <ignored/>
  </testcase> <!-- ordersHistoryTest -->
</testsuite> <!-- Submit Order Test -->
