<?xml version="1.0" encoding="UTF-8"?>
<!-- Generated by org.testng.reporters.JUnitXMLReporter -->
<testsuite ignored="1" hostname="DESKTOP-PGQDMSG" failures="0" tests="1" name="Error Validations Test" time="16.133" errors="0" timestamp="2024-06-13T16:09:42 IST">
  <testcase classname="TestFramework.tests.ErrorValidationsTest" name="logInErrValidation" time="2.407"/>
  <testcase classname="TestFramework.tests.ErrorValidationsTest" name="productErrValidations" time="0.0">
    <ignored/>
  </testcase> <!-- productErrValidations -->
</testsuite> <!-- Error Validations Test -->
